<?xml version="1.0" encoding="UTF-8"?>
<!-- Generated by org.testng.reporters.JUnitReportReporter -->
<testsuite hostname="DESKTOP-OCHF6EE" name="Sample.Testobj" tests="5" failures="0" timestamp="19 Jul 2019 20:58:50 GMT" time="17.407" errors="0">
  <testcase name="verifysize" time="0.127" classname="Sample.Testobj"/>
  <testcase name="verifysubscription1" time="4.563" classname="Sample.Testobj"/>
  <testcase name="verifyDressesobj" time="5.578" classname="Sample.Testobj"/>
  <testcase name="verifycount" time="0.060" classname="Sample.Testobj"/>
  <testcase name="verifycasualdress" time="7.079" classname="Sample.Testobj"/>
</testsuite> <!-- Sample.Testobj -->
